<?xml version="1.0" encoding="UTF-8"?>
<testsuite name="ClickApplication.ClickApplicationTest" tests="2" skipped="0" failures="0" errors="0" timestamp="2021-03-24T00:51:22" hostname="DESKTOP-79VGGE3" time="1.954">
  <properties/>
  <testcase name="should_click_on_button" classname="ClickApplication.ClickApplicationTest" time="1.686"/>
  <testcase name="should_contain_button" classname="ClickApplication.ClickApplicationTest" time="0.267"/>
  <system-out><![CDATA[]]></system-out>
  <system-err><![CDATA[]]></system-err>
</testsuite>
